[17Aug2025 00:06:35.761] [Server thread/INFO] [net.minecraft.server.MinecraftServer/]: CupcakeSpace has made the advancement [Jerky?]
[17Aug2025 00:07:12.188] [Server thread/INFO] [net.minecraft.server.MinecraftServer/]: CupcakeSpace has made the advancement [The Silence of the Forest]
[17Aug2025 00:07:24.740] [Server thread/INFO] [net.minecraft.server.MinecraftServer/]: CupcakeSpace has made the advancement [The Boots Are Mine!]
[17Aug2025 00:10:42.688] [Server thread/INFO] [net.minecraft.server.MinecraftServer/]: [CupcakeSpace: The difficulty has been set to Peaceful]
[17Aug2025 00:11:18.437] [Server thread/INFO] [net.minecraft.server.MinecraftServer/]: [CupcakeSpace: The difficulty has been set to Hard]
[17Aug2025 00:25:47.814] [Server thread/INFO] [net.minecraft.server.MinecraftServer/]: CupcakeSpace has reached the goal [Dinner's Served!]
[17Aug2025 00:31:26.262] [Server thread/INFO] [net.minecraft.server.MinecraftServer/]: CupcakeSpace has made the advancement [Wild Crops]
[17Aug2025 00:31:27.647] [Server thread/INFO] [net.minecraft.server.MinecraftServer/]: CupcakeSpace has made the advancement [Way of Vegetables]
[17Aug2025 00:31:58.583] [Server thread/INFO] [net.minecraft.server.MinecraftServer/]: CupcakeSpace has made the advancement [Captured!]
[17Aug2025 00:52:49.763] [Server thread/INFO] [net.minecraft.server.players.PlayerList/]: NergalAbyss[/192.168.193.28:50463] logged in with entity id 48046 at (-6.351891886119711, 6.0, 983.5724449929143)
[17Aug2025 00:52:49.794] [Server thread/INFO] [net.minecraft.server.MinecraftServer/]: NergalAbyss joined the game
[17Aug2025 00:52:49.810] [Server thread/INFO] [Jade/]: Syncing config to NergalAbyss (cd42f0fc-efd2-3fb9-8360-7312b7d506f4)
[17Aug2025 00:54:38.617] [Server thread/WARN] [net.minecraft.server.network.ServerGamePacketListenerImpl/]: NergalAbyss moved too quickly! 118.85831699852753,56.06664000082969,-758.912530618414
[17Aug2025 00:57:18.718] [Server thread/INFO] [net.minecraft.server.players.PlayerList/]: NatoRWR[/192.168.193.9:65353] logged in with entity id 50504 at (-25.357676040827855, 9.875, 999.7174415814534)
[17Aug2025 00:57:18.751] [Server thread/INFO] [net.minecraft.server.MinecraftServer/]: NatoRWR joined the game
[17Aug2025 00:57:18.765] [Server thread/INFO] [Jade/]: Syncing config to NatoRWR (9c46f1e1-e3c1-3dc8-8436-fc37ca7ae043)
[17Aug2025 00:57:23.043] [Server thread/INFO] [net.minecraft.server.MinecraftServer/]: CupcakeSpace has made the advancement [The Parrots and the Bats]
[17Aug2025 00:59:12.755] [Server thread/INFO] [net.minecraft.server.MinecraftServer/]: [Not Secure] <NatoRWR> putooooooos
[17Aug2025 01:00:25.809] [Server thread/INFO] [net.minecraft.server.MinecraftServer/]: NatoRWR has completed the challenge [It Spreads]
[17Aug2025 01:00:40.609] [Server thread/INFO] [net.minecraft.server.MinecraftServer/]: NergalAbyss has made the advancement [The Silence of the Forest]
[17Aug2025 01:01:15.151] [Server thread/INFO] [net.minecraft.server.MinecraftServer/]: [Not Secure] <NatoRWR> nergal
[17Aug2025 01:01:23.169] [Server thread/INFO] [net.minecraft.server.MinecraftServer/]: [Not Secure] <NatoRWR> tienes armas para hacerme a lo maldita sea?
[17Aug2025 01:01:24.151] [Server thread/INFO] [net.minecraft.server.MinecraftServer/]: [Not Secure] <NatoRWR> D_
[17Aug2025 01:01:29.254] [Server thread/INFO] [net.minecraft.server.MinecraftServer/]: [Not Secure] <NergalAbyss> no
[17Aug2025 01:01:35.369] [Server thread/INFO] [net.minecraft.server.MinecraftServer/]: [Not Secure] <NergalAbyss> espero haberte ayudado
[17Aug2025 01:01:45.258] [Server thread/INFO] [net.minecraft.server.MinecraftServer/]: CupcakeSpace has made the advancement [Bug Stomper]
[17Aug2025 01:01:59.499] [Server thread/INFO] [net.minecraft.server.MinecraftServer/]: [Not Secure] <NatoRWR> tu mama
[17Aug2025 01:02:08.069] [Server thread/INFO] [net.minecraft.server.MinecraftServer/]: [Not Secure] <NatoRWR> mate algo con esta espada
[17Aug2025 01:02:15.550] [Server thread/INFO] [net.minecraft.server.MinecraftServer/]: [Not Secure] <NatoRWR> vera la magia
[17Aug2025 01:02:18.003] [Server thread/INFO] [net.minecraft.server.MinecraftServer/]: CupcakeSpace has made the advancement [Epic!]
[17Aug2025 01:03:01.746] [Server thread/INFO] [net.minecraft.server.MinecraftServer/]: [Not Secure] <NatoRWR> lava?
[17Aug2025 01:03:10.665] [Server thread/INFO] [net.minecraft.server.MinecraftServer/]: [Not Secure] <NatoRWR> ya mato algo con la espada cosmica?
[17Aug2025 01:03:25.003] [Server thread/INFO] [net.minecraft.server.MinecraftServer/]: [Not Secure] <NergalAbyss> no pero ya vi lo que hace xD
[17Aug2025 01:04:56.020] [Server thread/INFO] [net.minecraft.server.MinecraftServer/]: [Not Secure] <NatoRWR> venga
[17Aug2025 01:05:21.792] [Server thread/INFO] [net.minecraft.server.MinecraftServer/]: [Not Secure] <NergalAbyss> ?
[17Aug2025 01:05:23.597] [Server thread/INFO] [net.minecraft.server.MinecraftServer/]: [Not Secure] <NatoRWR> si mata muchos pollos
[17Aug2025 01:05:26.716] [Server thread/INFO] [net.minecraft.server.MinecraftServer/]: [Not Secure] <NatoRWR> salen esos bichos
[17Aug2025 01:05:28.592] [Server thread/INFO] [net.minecraft.server.MinecraftServer/]: [Not Secure] <NatoRWR> XDDDDDDD
[17Aug2025 01:05:36.946] [Server thread/INFO] [net.minecraft.server.MinecraftServer/]: [Not Secure] <NergalAbyss> xd
[17Aug2025 01:05:37.199] [Server thread/INFO] [net.minecraft.server.MinecraftServer/]: [Not Secure] <NatoRWR> permafrost chard
[17Aug2025 01:05:40.245] [Server thread/INFO] [net.minecraft.server.MinecraftServer/]: [Not Secure] <NergalAbyss> motivo?
[17Aug2025 01:05:48.631] [Server thread/INFO] [net.minecraft.server.MinecraftServer/]: [Not Secure] <NatoRWR> made in abyss mod
[17Aug2025 01:05:49.626] [Server thread/INFO] [net.minecraft.server.MinecraftServer/]: [Not Secure] <NatoRWR> xd
[17Aug2025 01:06:12.165] [Server thread/INFO] [net.minecraft.server.MinecraftServer/]: [Not Secure] <NatoRWR> bueno mamañema
[17Aug2025 01:06:17.817] [Server thread/INFO] [net.minecraft.server.MinecraftServer/]: [Not Secure] <NatoRWR> va a botar todo lo que le doy
[17Aug2025 01:06:20.019] [Server thread/INFO] [net.minecraft.server.MinecraftServer/]: [Not Secure] <NatoRWR> sapo
[17Aug2025 01:07:27.506] [Server thread/INFO] [net.minecraft.server.MinecraftServer/]: [Not Secure] <NatoRWR> se acabo la lava
[17Aug2025 01:07:29.047] [Server thread/INFO] [net.minecraft.server.MinecraftServer/]: [Not Secure] <NatoRWR> mamañemaso
[17Aug2025 01:07:34.371] [Server thread/INFO] [net.minecraft.server.MinecraftServer/]: [Not Secure] <NergalAbyss> see
[17Aug2025 01:07:37.950] [Server thread/INFO] [net.minecraft.server.MinecraftServer/]: [Not Secure] <NatoRWR> y ahoras
[17Aug2025 01:07:39.953] [Server thread/INFO] [net.minecraft.server.MinecraftServer/]: [Not Secure] <NatoRWR> sabes ingles?
[17Aug2025 01:07:45.004] [Server thread/INFO] [net.minecraft.server.MinecraftServer/]: [Not Secure] <NergalAbyss> nu
[17Aug2025 01:08:50.216] [Server thread/INFO] [net.minecraft.server.MinecraftServer/]: [Not Secure] <NatoRWR> creativo
[17Aug2025 01:08:50.898] [Server thread/INFO] [net.minecraft.server.MinecraftServer/]: [Not Secure] <NatoRWR> sapo
[17Aug2025 01:08:55.650] [Server thread/INFO] [net.minecraft.server.MinecraftServer/]: [Not Secure] <NergalAbyss> ?
[17Aug2025 01:08:59.695] [Server thread/INFO] [net.minecraft.server.MinecraftServer/]: [Not Secure] <NatoRWR> no te hacedaño
[17Aug2025 01:09:02.850] [Server thread/INFO] [net.minecraft.server.MinecraftServer/]: [Not Secure] <NatoRWR> los huevasos
[17Aug2025 01:09:08.193] [Server thread/INFO] [net.minecraft.server.MinecraftServer/]: [Not Secure] <NergalAbyss> los webos no hacen daño
[17Aug2025 01:09:11.820] [Server thread/INFO] [net.minecraft.server.MinecraftServer/]: [Not Secure] <NatoRWR> si te pongo los mios en la cara te hacen daño?
[17Aug2025 01:10:38.419] [Server thread/INFO] [net.minecraft.server.MinecraftServer/]: [Not Secure] <NatoRWR> nergal
[17Aug2025 01:10:42.045] [Server thread/INFO] [net.minecraft.server.MinecraftServer/]: [Not Secure] <NatoRWR> no me hara ningun arma?
[17Aug2025 01:10:43.201] [Server thread/INFO] [net.minecraft.server.MinecraftServer/]: [Not Secure] <NatoRWR> sapo?
